Copyright 1986-2022 Xilinx, Inc. All Rights Reserved. Copyright 2022-2023 Advanced Micro Devices, Inc. All Rights Reserved.
---------------------------------------------------------------------------------------------------------------------------------------------
| Tool Version : Vivado v.2023.1 (lin64) Build 3865809 Sun May  7 15:04:56 MDT 2023
| Date         : Sun Jan 21 22:47:09 2024
| Host         : mg running 64-bit Ubuntu 22.04.3 LTS
| Command      : report_control_sets -verbose -file subsystem_db_wrapper_control_sets_placed.rpt
| Design       : subsystem_db_wrapper
| Device       : xc7z010
---------------------------------------------------------------------------------------------------------------------------------------------

Control Set Information

Table of Contents
-----------------
1. Summary
2. Histogram
3. Flip-Flop Distribution
4. Detailed Control Set Information

1. Summary
----------

+----------------------------------------------------------+-------+
|                          Status                          | Count |
+----------------------------------------------------------+-------+
| Total control sets                                       |    57 |
|    Minimum number of control sets                        |    57 |
|    Addition due to synthesis replication                 |     0 |
|    Addition due to physical synthesis replication        |     0 |
| Unused register locations in slices containing registers |   167 |
+----------------------------------------------------------+-------+
* Control sets can be merged at opt_design using control_set_merge or merge_equivalent_drivers
** Run report_qor_suggestions for automated merging and remapping suggestions


2. Histogram
------------

+--------------------+-------+
|       Fanout       | Count |
+--------------------+-------+
| Total control sets |    57 |
| >= 0 to < 4        |     7 |
| >= 4 to < 6        |    14 |
| >= 6 to < 8        |     3 |
| >= 8 to < 10       |     3 |
| >= 10 to < 12      |     3 |
| >= 12 to < 14      |     6 |
| >= 14 to < 16      |     2 |
| >= 16              |    19 |
+--------------------+-------+
* Control sets can be remapped at either synth_design or opt_design


3. Flip-Flop Distribution
-------------------------

+--------------+-----------------------+------------------------+-----------------+--------------+
| Clock Enable | Synchronous Set/Reset | Asynchronous Set/Reset | Total Registers | Total Slices |
+--------------+-----------------------+------------------------+-----------------+--------------+
| No           | No                    | No                     |             197 |           68 |
| No           | No                    | Yes                    |               0 |            0 |
| No           | Yes                   | No                     |              96 |           42 |
| Yes          | No                    | No                     |             442 |          106 |
| Yes          | No                    | Yes                    |               0 |            0 |
| Yes          | Yes                   | No                     |             258 |           92 |
+--------------+-----------------------+------------------------+-----------------+--------------+


4. Detailed Control Set Information
-----------------------------------

+-----------------------------------------------------+--------------------------------------------------------------------------------------------------------------------------------------------------------------------+-----------------------------------------------------------------------------------------------------------------------------------------------------------+------------------+----------------+--------------+
|                     Clock Signal                    |                                                                            Enable Signal                                                                           |                                                                      Set/Reset Signal                                                                     | Slice Load Count | Bel Load Count | Bels / Slice |
+-----------------------------------------------------+--------------------------------------------------------------------------------------------------------------------------------------------------------------------+-----------------------------------------------------------------------------------------------------------------------------------------------------------+------------------+----------------+--------------+
|  subsystem_db_i/processing_system7_0/inst/FCLK_CLK0 |                                                                                                                                                                    | subsystem_db_i/timer0/U0/TC_CORE_I/TIMER_CONTROL_I/R                                                                                                      |                1 |              1 |         1.00 |
|  subsystem_db_i/processing_system7_0/inst/FCLK_CLK0 |                                                                                                                                                                    | subsystem_db_i/timer0/U0/AXI4_LITE_I/I_SLAVE_ATTACHMENT/I_DECODER/GEN_BKEND_CE_REGISTERS[4].ce_out_i_reg[4]_0                                             |                1 |              1 |         1.00 |
|  subsystem_db_i/processing_system7_0/inst/FCLK_CLK0 |                                                                                                                                                                    | subsystem_db_i/timer0/U0/TC_CORE_I/TIMER_CONTROL_I/READ_DONE0_I_i_1_n_0                                                                                   |                1 |              1 |         1.00 |
|  subsystem_db_i/processing_system7_0/inst/FCLK_CLK0 | subsystem_db_i/ps7_0_axi_periph/s00_couplers/auto_pc/inst/gen_axilite.gen_b2s_conv.axilite_b2s/WR.aw_channel_0/aw_cmd_fsm_0/FSM_sequential_state_reg[0]_1          | subsystem_db_i/ps7_0_axi_periph/s00_couplers/auto_pc/inst/gen_axilite.gen_b2s_conv.axilite_b2s/WR.aw_channel_0/aw_cmd_fsm_0/FSM_sequential_state_reg[0]_0 |                1 |              1 |         1.00 |
|  subsystem_db_i/processing_system7_0/inst/FCLK_CLK0 |                                                                                                                                                                    | subsystem_db_i/timer0/U0/TC_CORE_I/TIMER_CONTROL_I/READ_DONE1_I_i_1_n_0                                                                                   |                1 |              1 |         1.00 |
|  subsystem_db_i/processing_system7_0/inst/FCLK_CLK0 |                                                                                                                                                                    | subsystem_db_i/timer0/U0/AXI4_LITE_I/I_SLAVE_ATTACHMENT/I_DECODER/GEN_BKEND_CE_REGISTERS[0].ce_out_i_reg[0]_0                                             |                1 |              1 |         1.00 |
|  subsystem_db_i/processing_system7_0/inst/FCLK_CLK0 | subsystem_db_i/ps7_0_axi_periph/s00_couplers/auto_pc/inst/gen_axilite.gen_b2s_conv.axilite_b2s/WR.b_channel_0/bid_fifo_0/sel                                       |                                                                                                                                                           |                1 |              2 |         2.00 |
|  subsystem_db_i/processing_system7_0/inst/FCLK_CLK0 |                                                                                                                                                                    | subsystem_db_i/ps7_0_axi_periph/s00_couplers/auto_pc/inst/gen_axilite.gen_b2s_conv.axilite_b2s/SI_REG/ar.ar_pipe/aresetn_d_reg[1]_inv_0                   |                2 |              4 |         2.00 |
|  subsystem_db_i/processing_system7_0/inst/FCLK_CLK0 | subsystem_db_i/switch/U0/AXI_LITE_IPIF_I/I_SLAVE_ATTACHMENT/I_DECODER/E[0]                                                                                         | subsystem_db_i/switch/U0/AXI_LITE_IPIF_I/I_SLAVE_ATTACHMENT/SR[0]                                                                                         |                1 |              4 |         4.00 |
|  subsystem_db_i/processing_system7_0/inst/FCLK_CLK0 | subsystem_db_i/timer0/U0/AXI4_LITE_I/I_SLAVE_ATTACHMENT/I_DECODER/pair0_Select                                                                                     | subsystem_db_i/timer0/U0/TC_CORE_I/GEN_SECOND_TIMER.COUNTER_1_I/COUNTER_I/s_axi_aresetn_0                                                                 |                1 |              4 |         4.00 |
|  subsystem_db_i/processing_system7_0/inst/FCLK_CLK0 | subsystem_db_i/ps7_0_axi_periph/s00_couplers/auto_pc/inst/gen_axilite.gen_b2s_conv.axilite_b2s/RD.ar_channel_0/ar_cmd_fsm_0/m_axi_arready_2                        | subsystem_db_i/ps7_0_axi_periph/s00_couplers/auto_pc/inst/gen_axilite.gen_b2s_conv.axilite_b2s/RD.ar_channel_0/ar_cmd_fsm_0/FSM_sequential_state_reg[1]_0 |                1 |              4 |         4.00 |
|  subsystem_db_i/processing_system7_0/inst/FCLK_CLK0 | subsystem_db_i/timer0/U0/AXI4_LITE_I/I_SLAVE_ATTACHMENT/bus2ip_addr_i[4]_i_1_n_0                                                                                   | subsystem_db_i/timer0/U0/AXI4_LITE_I/I_SLAVE_ATTACHMENT/rst                                                                                               |                1 |              4 |         4.00 |
|  subsystem_db_i/processing_system7_0/inst/FCLK_CLK0 | subsystem_db_i/switch/U0/AXI_LITE_IPIF_I/I_SLAVE_ATTACHMENT/bus2ip_addr_i[8]_i_1_n_0                                                                               | subsystem_db_i/switch/U0/AXI_LITE_IPIF_I/I_SLAVE_ATTACHMENT/SR[0]                                                                                         |                2 |              4 |         2.00 |
|  subsystem_db_i/processing_system7_0/inst/FCLK_CLK0 | subsystem_db_i/switch/U0/AXI_LITE_IPIF_I/I_SLAVE_ATTACHMENT/start2                                                                                                 | subsystem_db_i/switch/U0/AXI_LITE_IPIF_I/I_SLAVE_ATTACHMENT/I_DECODER/cs_ce_clr                                                                           |                1 |              4 |         4.00 |
|  subsystem_db_i/processing_system7_0/inst/FCLK_CLK0 |                                                                                                                                                                    | subsystem_db_i/rst_ps7_0_100M/U0/EXT_LPF/lpf_int                                                                                                          |                3 |              4 |         1.33 |
|  subsystem_db_i/processing_system7_0/inst/FCLK_CLK0 |                                                                                                                                                                    | subsystem_db_i/switch/U0/AXI_LITE_IPIF_I/I_SLAVE_ATTACHMENT/clear                                                                                         |                1 |              4 |         4.00 |
|  subsystem_db_i/processing_system7_0/inst/FCLK_CLK0 |                                                                                                                                                                    | subsystem_db_i/ps7_0_axi_periph/s00_couplers/auto_pc/inst/gen_axilite.gen_b2s_conv.axilite_b2s/SI_REG/aw.aw_pipe/aresetn_d_reg[0]_0                       |                3 |              4 |         1.33 |
|  subsystem_db_i/processing_system7_0/inst/FCLK_CLK0 |                                                                                                                                                                    | subsystem_db_i/switch/U0/AXI_LITE_IPIF_I/I_SLAVE_ATTACHMENT/I_DECODER/bus2ip_rnw_i_reg                                                                    |                1 |              4 |         4.00 |
|  subsystem_db_i/processing_system7_0/inst/FCLK_CLK0 | subsystem_db_i/ps7_0_axi_periph/s00_couplers/auto_pc/inst/gen_axilite.gen_b2s_conv.axilite_b2s/RD.r_channel_0/rd_data_fifo_0/cnt_read[4]_i_1__0_n_0                | subsystem_db_i/ps7_0_axi_periph/s00_couplers/auto_pc/inst/gen_axilite.gen_b2s_conv.axilite_b2s/areset_d1                                                  |                2 |              5 |         2.50 |
|  subsystem_db_i/processing_system7_0/inst/FCLK_CLK0 | subsystem_db_i/switch/U0/AXI_LITE_IPIF_I/I_SLAVE_ATTACHMENT/s_axi_rresp_i                                                                                          | subsystem_db_i/switch/U0/AXI_LITE_IPIF_I/I_SLAVE_ATTACHMENT/SR[0]                                                                                         |                1 |              5 |         5.00 |
|  subsystem_db_i/processing_system7_0/inst/FCLK_CLK0 | subsystem_db_i/ps7_0_axi_periph/s00_couplers/auto_pc/inst/gen_axilite.gen_b2s_conv.axilite_b2s/RD.r_channel_0/transaction_fifo_0/cnt_read[4]_i_1_n_0               | subsystem_db_i/ps7_0_axi_periph/s00_couplers/auto_pc/inst/gen_axilite.gen_b2s_conv.axilite_b2s/areset_d1                                                  |                3 |              5 |         1.67 |
|  subsystem_db_i/processing_system7_0/inst/FCLK_CLK0 |                                                                                                                                                                    | subsystem_db_i/timer0/U0/AXI4_LITE_I/I_SLAVE_ATTACHMENT/INCLUDE_DPHASE_TIMER.dpto_cnt[5]_i_1_n_0                                                          |                2 |              6 |         3.00 |
|  subsystem_db_i/processing_system7_0/inst/FCLK_CLK0 | subsystem_db_i/rst_ps7_0_100M/U0/SEQ/seq_cnt_en                                                                                                                    | subsystem_db_i/rst_ps7_0_100M/U0/SEQ/SEQ_COUNTER/clear                                                                                                    |                1 |              6 |         6.00 |
|  subsystem_db_i/processing_system7_0/inst/FCLK_CLK0 | subsystem_db_i/timer0/U0/AXI4_LITE_I/I_SLAVE_ATTACHMENT/start2                                                                                                     | subsystem_db_i/timer0/U0/AXI4_LITE_I/I_SLAVE_ATTACHMENT/I_DECODER/cs_ce_clr                                                                               |                2 |              7 |         3.50 |
|  subsystem_db_i/processing_system7_0/inst/FCLK_CLK0 | subsystem_db_i/timer0/U0/AXI4_LITE_I/I_SLAVE_ATTACHMENT/I_DECODER/bus2ip_wrce[0]                                                                                   | subsystem_db_i/timer0/U0/TC_CORE_I/GEN_SECOND_TIMER.COUNTER_1_I/COUNTER_I/s_axi_aresetn_0                                                                 |                2 |              8 |         4.00 |
|  subsystem_db_i/processing_system7_0/inst/FCLK_CLK0 | subsystem_db_i/ps7_0_axi_periph/s00_couplers/auto_pc/inst/gen_axilite.gen_b2s_conv.axilite_b2s/WR.b_channel_0/mhandshake_r                                         | subsystem_db_i/ps7_0_axi_periph/s00_couplers/auto_pc/inst/gen_axilite.gen_b2s_conv.axilite_b2s/WR.b_channel_0/bid_fifo_0/SR[0]                            |                2 |              8 |         4.00 |
|  subsystem_db_i/processing_system7_0/inst/FCLK_CLK0 | subsystem_db_i/timer0/U0/AXI4_LITE_I/I_SLAVE_ATTACHMENT/I_DECODER/bus2ip_wrce[1]                                                                                   | subsystem_db_i/timer0/U0/TC_CORE_I/GEN_SECOND_TIMER.COUNTER_1_I/COUNTER_I/s_axi_aresetn_0                                                                 |                2 |              9 |         4.50 |
|  subsystem_db_i/processing_system7_0/inst/FCLK_CLK0 |                                                                                                                                                                    | subsystem_db_i/ps7_0_axi_periph/s00_couplers/auto_pc/inst/gen_axilite.gen_b2s_conv.axilite_b2s/areset_d1                                                  |                4 |             10 |         2.50 |
|  subsystem_db_i/processing_system7_0/inst/FCLK_CLK0 |                                                                                                                                                                    | subsystem_db_i/ps7_0_axi_periph/xbar/inst/gen_sasd.crossbar_sasd_0/addr_arbiter_inst/SR[0]                                                                |                5 |             11 |         2.20 |
|  subsystem_db_i/processing_system7_0/inst/FCLK_CLK0 |                                                                                                                                                                    | subsystem_db_i/timer0/U0/AXI4_LITE_I/I_SLAVE_ATTACHMENT/rst                                                                                               |                4 |             11 |         2.75 |
|  subsystem_db_i/processing_system7_0/inst/FCLK_CLK0 | subsystem_db_i/ps7_0_axi_periph/s00_couplers/auto_pc/inst/gen_axilite.gen_b2s_conv.axilite_b2s/RD.ar_channel_0/ar_cmd_fsm_0/E[0]                                   |                                                                                                                                                           |                6 |             12 |         2.00 |
|  subsystem_db_i/processing_system7_0/inst/FCLK_CLK0 | subsystem_db_i/ps7_0_axi_periph/s00_couplers/auto_pc/inst/gen_axilite.gen_b2s_conv.axilite_b2s/WR.aw_channel_0/aw_cmd_fsm_0/m_valid_i_reg[0]                       |                                                                                                                                                           |                4 |             12 |         3.00 |
|  subsystem_db_i/processing_system7_0/inst/FCLK_CLK0 | subsystem_db_i/ps7_0_axi_periph/s00_couplers/auto_pc/inst/gen_axilite.gen_b2s_conv.axilite_b2s/RD.ar_channel_0/ar_cmd_fsm_0/sel_first_reg[0]                       |                                                                                                                                                           |                3 |             12 |         4.00 |
|  subsystem_db_i/processing_system7_0/inst/FCLK_CLK0 | subsystem_db_i/ps7_0_axi_periph/s00_couplers/auto_pc/inst/gen_axilite.gen_b2s_conv.axilite_b2s/WR.aw_channel_0/cmd_translator_0/incr_cmd_0/axaddr_incr[11]_i_1_n_0 |                                                                                                                                                           |                2 |             12 |         6.00 |
|  subsystem_db_i/processing_system7_0/inst/FCLK_CLK0 | subsystem_db_i/ps7_0_axi_periph/s00_couplers/auto_pc/inst/gen_axilite.gen_b2s_conv.axilite_b2s/RD.r_channel_0/r_push_r                                             |                                                                                                                                                           |                4 |             13 |         3.25 |
|  subsystem_db_i/processing_system7_0/inst/FCLK_CLK0 |                                                                                                                                                                    | subsystem_db_i/timer0/U0/TC_CORE_I/GEN_SECOND_TIMER.COUNTER_1_I/COUNTER_I/s_axi_aresetn_0                                                                 |                4 |             13 |         3.25 |
|  subsystem_db_i/processing_system7_0/inst/FCLK_CLK0 | subsystem_db_i/ps7_0_axi_periph/s00_couplers/auto_pc/inst/gen_axilite.gen_b2s_conv.axilite_b2s/SI_REG/b.b_pipe/s_ready_i_reg_0                                     |                                                                                                                                                           |                2 |             14 |         7.00 |
|  subsystem_db_i/processing_system7_0/inst/FCLK_CLK0 | subsystem_db_i/ps7_0_axi_periph/s00_couplers/auto_pc/inst/gen_axilite.gen_b2s_conv.axilite_b2s/SI_REG/b.b_pipe/p_1_in                                              |                                                                                                                                                           |                3 |             14 |         4.67 |
|  subsystem_db_i/processing_system7_0/inst/FCLK_CLK0 | subsystem_db_i/ps7_0_axi_periph/s00_couplers/auto_pc/inst/gen_axilite.gen_b2s_conv.axilite_b2s/WR.aw_channel_0/aw_cmd_fsm_0/m_axi_awready_0                        |                                                                                                                                                           |                3 |             16 |         5.33 |
|  subsystem_db_i/processing_system7_0/inst/FCLK_CLK0 |                                                                                                                                                                    | subsystem_db_i/switch/U0/AXI_LITE_IPIF_I/I_SLAVE_ATTACHMENT/SR[0]                                                                                         |                8 |             20 |         2.50 |
|  subsystem_db_i/processing_system7_0/inst/FCLK_CLK0 | subsystem_db_i/ps7_0_axi_periph/xbar/inst/gen_sasd.crossbar_sasd_0/addr_arbiter_inst/p_0_in1_in                                                                    | subsystem_db_i/ps7_0_axi_periph/xbar/inst/gen_sasd.crossbar_sasd_0/addr_arbiter_inst/SR[0]                                                                |                7 |             20 |         2.86 |
|  subsystem_db_i/processing_system7_0/inst/FCLK_CLK0 | subsystem_db_i/ps7_0_axi_periph/s00_couplers/auto_pc/inst/gen_axilite.gen_b2s_conv.axilite_b2s/RD.ar_channel_0/ar_cmd_fsm_0/m_axi_arready_2                        |                                                                                                                                                           |                6 |             21 |         3.50 |
|  subsystem_db_i/processing_system7_0/inst/FCLK_CLK0 | subsystem_db_i/ps7_0_axi_periph/s00_couplers/auto_pc/inst/gen_axilite.gen_b2s_conv.axilite_b2s/WR.aw_channel_0/aw_cmd_fsm_0/FSM_sequential_state_reg[0]_1          |                                                                                                                                                           |               10 |             24 |         2.40 |
|  subsystem_db_i/processing_system7_0/inst/FCLK_CLK0 | subsystem_db_i/timer0/U0/TC_CORE_I/TIMER_CONTROL_I/TCSR0_GENERATE[20].TCSR0_FF_I_1                                                                                 | subsystem_db_i/timer0/U0/TC_CORE_I/GEN_SECOND_TIMER.COUNTER_1_I/COUNTER_I/s_axi_aresetn_0                                                                 |                5 |             32 |         6.40 |
|  subsystem_db_i/processing_system7_0/inst/FCLK_CLK0 | subsystem_db_i/timer0/U0/TC_CORE_I/TIMER_CONTROL_I/CE                                                                                                              | subsystem_db_i/timer0/U0/TC_CORE_I/GEN_SECOND_TIMER.COUNTER_1_I/COUNTER_I/s_axi_aresetn_0                                                                 |               10 |             32 |         3.20 |
|  subsystem_db_i/processing_system7_0/inst/FCLK_CLK0 | subsystem_db_i/timer0/U0/TC_CORE_I/TIMER_CONTROL_I/generateOutPre0_reg_0                                                                                           | subsystem_db_i/timer0/U0/TC_CORE_I/GEN_SECOND_TIMER.COUNTER_1_I/COUNTER_I/s_axi_aresetn_0                                                                 |                5 |             32 |         6.40 |
|  subsystem_db_i/processing_system7_0/inst/FCLK_CLK0 | subsystem_db_i/timer0/U0/AXI4_LITE_I/I_SLAVE_ATTACHMENT/s_axi_rresp_i                                                                                              | subsystem_db_i/timer0/U0/AXI4_LITE_I/I_SLAVE_ATTACHMENT/rst                                                                                               |               32 |             32 |         1.00 |
|  subsystem_db_i/processing_system7_0/inst/FCLK_CLK0 | subsystem_db_i/timer0/U0/TC_CORE_I/TIMER_CONTROL_I/CE_0                                                                                                            | subsystem_db_i/timer0/U0/TC_CORE_I/GEN_SECOND_TIMER.COUNTER_1_I/COUNTER_I/s_axi_aresetn_0                                                                 |               10 |             32 |         3.20 |
|  subsystem_db_i/processing_system7_0/inst/FCLK_CLK0 | subsystem_db_i/ps7_0_axi_periph/s00_couplers/auto_pc/inst/gen_axilite.gen_b2s_conv.axilite_b2s/RD.r_channel_0/rd_data_fifo_0/wr_en0                                |                                                                                                                                                           |                9 |             34 |         3.78 |
|  subsystem_db_i/processing_system7_0/inst/FCLK_CLK0 | subsystem_db_i/ps7_0_axi_periph/xbar/inst/gen_sasd.crossbar_sasd_0/addr_arbiter_inst/E[0]                                                                          |                                                                                                                                                           |               10 |             35 |         3.50 |
|  subsystem_db_i/processing_system7_0/inst/FCLK_CLK0 | subsystem_db_i/ps7_0_axi_periph/s00_couplers/auto_pc/inst/gen_axilite.gen_b2s_conv.axilite_b2s/SI_REG/r.r_pipe/s_ready_i_reg_0                                     |                                                                                                                                                           |                9 |             47 |         5.22 |
|  subsystem_db_i/processing_system7_0/inst/FCLK_CLK0 | subsystem_db_i/ps7_0_axi_periph/s00_couplers/auto_pc/inst/gen_axilite.gen_b2s_conv.axilite_b2s/SI_REG/r.r_pipe/p_1_in                                              |                                                                                                                                                           |                9 |             47 |         5.22 |
|  subsystem_db_i/processing_system7_0/inst/FCLK_CLK0 | subsystem_db_i/ps7_0_axi_periph/s00_couplers/auto_pc/inst/gen_axilite.gen_b2s_conv.axilite_b2s/SI_REG/ar.ar_pipe/s_ready_i_reg_0                                   |                                                                                                                                                           |               13 |             48 |         3.69 |
|  subsystem_db_i/processing_system7_0/inst/FCLK_CLK0 | subsystem_db_i/ps7_0_axi_periph/s00_couplers/auto_pc/inst/gen_axilite.gen_b2s_conv.axilite_b2s/RD.ar_channel_0/ar_cmd_fsm_0/m_valid_i_reg[0]                       |                                                                                                                                                           |               10 |             48 |         4.80 |
|  subsystem_db_i/processing_system7_0/inst/FCLK_CLK0 | subsystem_db_i/ps7_0_axi_periph/s00_couplers/auto_pc/inst/gen_axilite.gen_b2s_conv.axilite_b2s/SI_REG/aw.aw_pipe/s_ready_i_reg_0                                   |                                                                                                                                                           |               11 |             48 |         4.36 |
|  subsystem_db_i/processing_system7_0/inst/FCLK_CLK0 | subsystem_db_i/ps7_0_axi_periph/s00_couplers/auto_pc/inst/gen_axilite.gen_b2s_conv.axilite_b2s/WR.aw_channel_0/aw_cmd_fsm_0/E[0]                                   |                                                                                                                                                           |                8 |             48 |         6.00 |
|  subsystem_db_i/processing_system7_0/inst/FCLK_CLK0 |                                                                                                                                                                    |                                                                                                                                                           |               69 |            198 |         2.87 |
+-----------------------------------------------------+--------------------------------------------------------------------------------------------------------------------------------------------------------------------+-----------------------------------------------------------------------------------------------------------------------------------------------------------+------------------+----------------+--------------+


